<?xml version="1.0" encoding="UTF-8"?>
<testng-results skipped="0" failed="0" total="1" passed="1">
  <reporter-output>
  </reporter-output>
  <suite name="Suite" duration-ms="71" started-at="2018-11-21T13:34:42Z" finished-at="2018-11-21T13:34:42Z">
    <groups>
    </groups>
    <test name="ng_testset" duration-ms="71" started-at="2018-11-21T13:34:42Z" finished-at="2018-11-21T13:34:42Z">
      <class name="github_ng.Masterscript">
        <test-method status="PASS" signature="beforeMethod()[pri:0, instance:github_ng.Masterscript@675d3402]" name="beforeMethod" is-config="true" duration-ms="19" started-at="2018-11-21T19:04:42Z" finished-at="2018-11-21T19:04:42Z">
          <reporter-output>
          </reporter-output>
        </test-method> <!-- beforeMethod -->
        <test-method status="PASS" signature="Maximo()[pri:0, instance:github_ng.Masterscript@675d3402]" name="Maximo" duration-ms="11" started-at="2018-11-21T19:04:42Z" finished-at="2018-11-21T19:04:42Z">
          <reporter-output>
          </reporter-output>
        </test-method> <!-- Maximo -->
        <test-method status="PASS" signature="afterMethod()[pri:0, instance:github_ng.Masterscript@675d3402]" name="afterMethod" is-config="true" duration-ms="1" started-at="2018-11-21T19:04:42Z" finished-at="2018-11-21T19:04:42Z">
          <reporter-output>
          </reporter-output>
        </test-method> <!-- afterMethod -->
      </class> <!-- github_ng.Masterscript -->
    </test> <!-- ng_testset -->
  </suite> <!-- Suite -->
</testng-results>
